<?xml version="1.0" encoding="UTF-8" standalone="no"?>
<testsuite errors="0" failures="1" name="io.cucumber.core.plugin.JUnitFormatter" skipped="0" tests="3" time="56.755">
    <testcase classname="US1002 Background ile Amazon search testi" name="TC02_Amazon iPhone Search Testi" time="30.23">
        <failure message="unknown error: cannot activate web view&#10;  (Session info: chrome=98.0.4758.82)&#10;Build info: version: '4.1.1', revision: 'e8fcc2cecf'&#10;System info: host: 'TESTER', ip: '192.168.1.102', os.name: 'Windows 10', os.arch: 'amd64', os.version: '10.0', java.version: '11.0.13'&#10;Driver info: org.openqa.selenium.chrome.ChromeDriver&#10;Command: [4c2ae9e8f07527087c7685f6f22974ff, screenshot {}]&#10;Capabilities {acceptInsecureCerts: false, browserName: chrome, browserVersion: 98.0.4758.82, chrome: {chromedriverVersion: 98.0.4758.80 (7f0488e8ba0d8..., userDataDir: C:\Users\derdi\AppData\Loca...}, goog:chromeOptions: {debuggerAddress: localhost:63046}, javascriptEnabled: true, networkConnectionEnabled: false, pageLoadStrategy: normal, platform: WINDOWS, platformName: WINDOWS, proxy: Proxy(), se:cdp: ws://localhost:63046/devtoo..., se:cdpVersion: 98.0.4758.82, setWindowRect: true, strictFileInteractability: false, timeouts: {implicit: 0, pageLoad: 300000, script: 30000}, unhandledPromptBehavior: dismiss and notify, webauthn:extension:credBlob: true, webauthn:extension:largeBlob: true, webauthn:virtualAuthenticators: true}&#10;Session ID: 4c2ae9e8f07527087c7685f6f22974ff" type="org.openqa.selenium.WebDriverException">
            <![CDATA[Given kullanici amazon sayfasina gider......................................passed
And iPhone icin arama yapar.................................................passed
Then sonuclarin iPhone icerdigini test eder.................................passed

StackTrace:
org.openqa.selenium.WebDriverException: unknown error: cannot activate web view
  (Session info: chrome=98.0.4758.82)
Build info: version: '4.1.1', revision: 'e8fcc2cecf'
System info: host: 'TESTER', ip: '192.168.1.102', os.name: 'Windows 10', os.arch: 'amd64', os.version: '10.0', java.version: '11.0.13'
Driver info: org.openqa.selenium.chrome.ChromeDriver
Command: [4c2ae9e8f07527087c7685f6f22974ff, screenshot {}]
Capabilities {acceptInsecureCerts: false, browserName: chrome, browserVersion: 98.0.4758.82, chrome: {chromedriverVersion: 98.0.4758.80 (7f0488e8ba0d8..., userDataDir: C:\Users\derdi\AppData\Loca...}, goog:chromeOptions: {debuggerAddress: localhost:63046}, javascriptEnabled: true, networkConnectionEnabled: false, pageLoadStrategy: normal, platform: WINDOWS, platformName: WINDOWS, proxy: Proxy(), se:cdp: ws://localhost:63046/devtoo..., se:cdpVersion: 98.0.4758.82, setWindowRect: true, strictFileInteractability: false, timeouts: {implicit: 0, pageLoad: 300000, script: 30000}, unhandledPromptBehavior: dismiss and notify, webauthn:extension:credBlob: true, webauthn:extension:largeBlob: true, webauthn:virtualAuthenticators: true}
Session ID: 4c2ae9e8f07527087c7685f6f22974ff
	at java.base/jdk.internal.reflect.NativeConstructorAccessorImpl.newInstance0(Native Method)
	at java.base/jdk.internal.reflect.NativeConstructorAccessorImpl.newInstance(NativeConstructorAccessorImpl.java:62)
	at java.base/jdk.internal.reflect.DelegatingConstructorAccessorImpl.newInstance(DelegatingConstructorAccessorImpl.java:45)
	at java.base/java.lang.reflect.Constructor.newInstance(Constructor.java:490)
	at org.openqa.selenium.remote.codec.w3c.W3CHttpResponseCodec.createException(W3CHttpResponseCodec.java:200)
	at org.openqa.selenium.remote.codec.w3c.W3CHttpResponseCodec.decode(W3CHttpResponseCodec.java:133)
	at org.openqa.selenium.remote.codec.w3c.W3CHttpResponseCodec.decode(W3CHttpResponseCodec.java:53)
	at org.openqa.selenium.remote.HttpCommandExecutor.execute(HttpCommandExecutor.java:184)
	at org.openqa.selenium.remote.service.DriverCommandExecutor.invokeExecute(DriverCommandExecutor.java:167)
	at org.openqa.selenium.remote.service.DriverCommandExecutor.execute(DriverCommandExecutor.java:142)
	at org.openqa.selenium.remote.RemoteWebDriver.execute(RemoteWebDriver.java:543)
	at org.openqa.selenium.remote.RemoteWebDriver.execute(RemoteWebDriver.java:598)
	at org.openqa.selenium.remote.RemoteWebDriver.execute(RemoteWebDriver.java:602)
	at org.openqa.selenium.remote.RemoteWebDriver.getScreenshotAs(RemoteWebDriver.java:333)
	at stepdefinitions.Hooks.tearDown(Hooks.java:27)
]]>
        </failure>
    </testcase>
    <testcase classname="US1002 Background ile Amazon search testi" name="TC03_Amazon tea pot Search Testi" time="9.943">
        <system-out>
            <![CDATA[Given kullanici amazon sayfasina gider......................................passed
And tea pot icin arama yapar................................................passed
Then sonuclarin tea pot icerdigini test eder................................passed
]]>
        </system-out>
    </testcase>
    <testcase classname="US1002 Background ile Amazon search testi" name="TC04_Amazon flower Search Testi" time="16.057">
        <system-out>
            <![CDATA[Given kullanici amazon sayfasina gider......................................passed
And flower icin arama yapar.................................................passed
Then sonuclarin flower icerdigini test eder.................................passed
]]>
        </system-out>
    </testcase>
</testsuite>
